push-bia 1x-pop push-ana push-bia
push-Maria 1x-pop push-Eduarda push-Maria 2x-pop push-Aline push-Eduarda push-Maria push-Vanessa
push-Mauricio 1x-pop push-Francisco push-Mauricio push-Mateus
push-Luiza 1x-pop push-Beatriz push-Luiza push-Rafaela 2x-pop push-Fernanda push-Luiza push-Rafaela 2x-pop push-Karina push-Luiza push-Rafaela
push-Pedro 1x-pop push-Henrique push-Pedro 2x-pop push-Gustavo push-Henrique push-Pedro 1x-pop push-Maurício push-Pedro
push-Victoria 1x-pop push-Livia push-Victoria
push-Jessica 1x-pop push-Fernanda push-Jessica push-Júlia
push-Luana push-Taina 1x-pop push-Silvana push-Taina 3x-pop push-Bruna push-Luana push-Silvana push-Taina 3x-pop push-Isadora push-Luana push-Silvana push-Taina push-Thiago 5x-pop push-Guilherme push-Isadora push-Luana push-Silvana push-Taina push-Thiago
push-Ana push-Clara push-Sofia 1x-pop push-Marcelo push-Sofia 2x-pop push-Eduardo push-Marcelo push-Sofia 4x-pop push-Alexandre push-Clara push-Eduardo push-Marcelo push-Sofia 1x-pop push-Rafael push-Sofia 1x-pop push-Renato push-Sofia 1x-pop push-Rafaela push-Sofia 4x-pop push-Natalia push-Rafael push-Renato push-Rafaela push-Sofia push-Suelen 7x-pop push-Lucas push-Marcelo push-Natalia push-Rafael push-Renato push-Rafaela push-Sofia push-Suelen 5x-pop push-Natalia push-Rafael push-Renato push-Rafaela push-Sofia push-Suelen 5x-pop push-Paula push-Rafael push-Renato push-Rafaela push-Sofia push-Suelen 12x-pop push-Aline push-Clara push-Eduardo push-Lucas push-Marcelo push-Natalia push-Natalia push-Paula push-Rafael push-Renato push-Rafaela push-Sofia push-Suelen
push-Felipe push-Gustavo push-Isabella 1x-pop push-Gabriela push-Isabella
push-Guilherme push-Gustavo push-Leticia push-Louise 4x-pop push-Ana push-Guilherme push-Gustavo push-Leticia push-Louise
push-Aline push-Marina push-Mariana 2x-pop push-Isabela push-Marina push-Mariana 3x-pop push-Camila push-Isabela push-Marina push-Mariana push-Renata push-Victor 5x-pop push-Hugo push-Isabela push-Marina push-Mariana push-Renata push-Victor
push-Juliana push-Luiza push-Ricardo 3x-pop push-Eduardo push-Juliana push-Luiza push-Ricardo push-Rafaela
push-Larissa 1x-pop push-Amanda push-Larissa push-Sergio 2x-pop push-Fabio push-Larissa push-Sergio 3x-pop push-Debora push-Fabio push-Larissa push-Sergio 4x-pop push-Carolina push-Debora push-Fabio push-Larissa push-Sergio
push-Daniel 1x-pop push-Bruno push-Daniel push-Luiz 3x-pop push-Ana push-Bruno push-Daniel push-Luiz push-Paula 4x-pop push-Aleixo push-Bruno push-Daniel push-Luiz push-Paula 1x-pop push-Leandro push-Paula push-Thiago push-Tais 5x-pop push-Juliana push-Luiz push-Leandro push-Paula push-Thiago push-Tais
push-Carlos 1x-pop push-Augusto push-Carlos push-Thais 1x-pop push-Helena push-Thais
push-Francisco push-Simone 1x-pop push-Kelly push-Simone 2x-pop push-Fernanda push-Kelly push-Simone 1x-pop push-Marcelo push-Simone push-Thiago
push-Tania 1x-pop push-Ana push-Tania 1x-pop push-Claudia push-Tania push-Vinicius 2x-pop push-Paulo push-Tania push-Vinicius
push-beatriz 1x-pop push-ana push-beatriz
push-bruno push-dani 1x-pop push-carla push-dani 3x-pop push-antonia push-bruno push-carla push-dani push-walter
push-maria 1x-pop push-joao push-maria
push-ana push-bia push-carla
push-carla 1x-pop push-bia push-carla 2x-pop push-ana push-bia push-carla
push-Laura push-Rafaela 2x-pop push-Carolina push-Laura push-Rafaela
push-Gabriel push-Vinicius 1x-pop push-Mateus push-Vinicius 3x-pop push-Ana push-Gabriel push-Mateus push-Vinicius 1x-pop push-Paula push-Vinicius 3x-pop push-Luana push-Mateus push-Paula push-Vinicius
push-Lucas 1x-pop push-Eduardo push-Lucas 1x-pop push-Fernanda push-Lucas 1x-pop push-Gabriela push-Lucas
push-Thais 1x-pop push-Alessandra push-Thais
push-Rodrigo push-Ricardo 2x-pop push-Mariana push-Rodrigo push-Ricardo 3x-pop push-Camila push-Mariana push-Rodrigo push-Ricardo 4x-pop push-Bruno push-Camila push-Mariana push-Rodrigo push-Ricardo 2x-pop push-Marcelo push-Rodrigo push-Ricardo 4x-pop push-Luiz push-Mariana push-Marcelo push-Rodrigo push-Ricardo 5x-pop push-Isabella push-Luiz push-Mariana push-Marcelo push-Rodrigo push-Ricardo 7x-pop push-Bianca push-Camila push-Isabella push-Luiz push-Mariana push-Marcelo push-Rodrigo push-Ricardo
push-Maria 1x-pop push-Eduarda push-Maria 2x-pop push-Aline push-Eduarda push-Maria push-Vanessa
push-Maurício 1x-pop push-Francisco push-Maurício push-Mateus
push-Luiza 1x-pop push-Beatriz push-Luiza push-Rafaela 2x-pop push-Fernanda push-Luiza push-Rafaela 2x-pop push-Karina push-Luiza push-Rafaela
push-Pedro 1x-pop push-Henrique push-Pedro 2x-pop push-Gustavo push-Henrique push-Pedro 1x-pop push-Maurício push-Pedro
push-Victoria 1x-pop push-Lívia push-Victoria
push-Jéssica 1x-pop push-Fernanda push-Jéssica push-Júlia
push-Luana push-Tainá 1x-pop push-Silvana push-Tainá 3x-pop push-Bruna push-Luana push-Silvana push-Tainá 3x-pop push-Isadora push-Luana push-Silvana push-Tainá push-Thiago 5x-pop push-Guilherme push-Isadora push-Luana push-Silvana push-Tainá push-Thiago
push-Ana push-Clara push-Sofia 1x-pop push-Marcelo push-Sofia 2x-pop push-Eduardo push-Marcelo push-Sofia 4x-pop push-Alexandre push-Clara push-Eduardo push-Marcelo push-Sofia 1x-pop push-Rafael push-Sofia 1x-pop push-Renato push-Sofia 1x-pop push-Rafaela push-Sofia 4x-pop push-Natália push-Rafael push-Renato push-Rafaela push-Sofia push-Suelen 7x-pop push-Lucas push-Marcelo push-Natália push-Rafael push-Renato push-Rafaela push-Sofia push-Suelen 5x-pop push-Natália push-Rafael push-Renato push-Rafaela push-Sofia push-Suelen 5x-pop push-Paula push-Rafael push-Renato push-Rafaela push-Sofia push-Suelen 12x-pop push-Aline push-Clara push-Eduardo push-Lucas push-Marcelo push-Natália push-Natália push-Paula push-Rafael push-Renato push-Rafaela push-Sofia push-Suelen
push-Felipe push-Gustavo push-Isabella 1x-pop push-Gabriela push-Isabella
push-Guilherme push-Gustavo push-Letícia push-Louise
push-Aline push-Marina push-Mariana 2x-pop push-Isabela push-Marina push-Mariana 3x-pop push-Camila push-Isabela push-Marina push-Mariana push-Renata push-Victor 5x-pop push-Hugo push-Isabela push-Marina push-Mariana push-Renata push-Victor
push-Juliana push-Luíza push-Ricardo 3x-pop push-Eduardo push-Juliana push-Luíza push-Ricardo push-Rafaela
push-Larissa 1x-pop push-Amanda push-Larissa push-Sérgio 2x-pop push-Fábio push-Larissa push-Sérgio 3x-pop push-Débora push-Fábio push-Larissa push-Sérgio 4x-pop push-Carolina push-Débora push-Fábio push-Larissa push-Sérgio
push-Mario
push-Bruna push-Regina
push-Daniel 1x-pop push-Bruno push-Daniel push-Luiz 3x-pop push-Ana push-Bruno push-Daniel push-Luiz push-Paula 4x-pop push-Aleixo push-Bruno push-Daniel push-Luiz push-Paula 1x-pop push-Leandro push-Paula push-Thiago push-Tais 5x-pop push-Juliana push-Luiz push-Leandro push-Paula push-Thiago push-Tais
push-Carlos 1x-pop push-Augusto push-Carlos push-Thaís 1x-pop push-Helena push-Thaís
push-Francisco push-Simone 1x-pop push-Kelly push-Simone 2x-pop push-Fernanda push-Kelly push-Simone 1x-pop push-Marcelo push-Simone push-Thiago
push-Tânia 1x-pop push-Ana push-Tânia 1x-pop push-Cláudia push-Tânia push-Vinicius 2x-pop push-Paulo push-Tânia push-Vinicius
push-Priscila 1x-pop push-Ana push-Priscila 1x-pop push-Flávia push-Priscila 1x-pop push-Mauro push-Priscila push-Rafael
push-Patrícia 1x-pop push-Andressa push-Patrícia push-Rafaela
push-Gustavo push-Henrique push-Vinícius
push-Lais 1x-pop push-Juliana push-Lais push-Ricardo 1x-pop push-Marcio push-Ricardo
push-Glaucia 1x-pop push-Ana push-Glaucia 1x-pop push-Beatriz push-Glaucia
push-Maurício push-Marcos 2x-pop push-Ana push-Maurício push-Marcos 2x-pop push-Luíza push-Maurício push-Marcos 3x-pop push-Beatriz push-Luíza push-Maurício push-Marcos
push-Amauri push-Antônio push-Carlos
push-Carla 1x-pop push-Beatriz push-Carla push-Cláudia 2x-pop push-Bernardo push-Carla push-Cláudia push-Mateus
push-Lorena 1x-pop push-Ana push-Lorena push-Luiza push-Walter 3x-pop push-JoãoJuliane push-Lorena push-Luiza push-Walter 4x-pop push-Carolina push-JoãoJuliane push-Lorena push-Luiza push-Walter
push-Diego push-Rodrigo 2x-pop push-Cristina push-Diego push-Rodrigo 3x-pop push-Ana push-Cristina push-Diego push-Rodrigo
push-Alex
push-Jaqueline 1x-pop push-Bruna push-Jaqueline 1x-pop push-Fabio push-Jaqueline push-Rafael
push-Bruna 1x-pop push-Ana push-Bruna push-Paula push-Rafaela 2x-pop push-Juliana push-Paula push-Rafaela
push-Bruno push-Matheus
push-Marcella 1x-pop push-Lívia push-Marcella 1x-pop push-Lucas push-Marcella 3x-pop push-Amanda push-Lívia push-Lucas push-Marcella push-Samuel 4x-pop push-Eduardo push-Lívia push-Lucas push-Marcella push-Samuel 4x-pop push-Isabela push-Lívia push-Lucas push-Marcella push-Samuel 6x-pop push-Ana push-Eduardo push-Isabela push-Lívia push-Lucas push-Marcella push-Samuel 2x-pop push-Letícia push-Marcella push-Samuel
push-Valentina 1x-pop push-Luana push-Valentina 2x-pop push-Gabriel push-Luana push-Valentina 1x-pop push-Marcos push-Valentina 4x-pop push-Alana push-Gabriel push-Luana push-Marcos push-Valentina 3x-pop push-Juliana push-Luana push-Marcos push-Valentina
push-Robson 1x-pop push-Fernanda push-Robson 1x-pop push-Fabiana push-Robson push-Thamires 2x-pop push-Felipe push-Robson push-Thamires 2x-pop push-Guido push-Robson push-Thamires
push-Nayara 1x-pop push-Ana push-Nayara 1x-pop push-Lúcia push-Nayara push-Renata 3x-pop push-Jéssica push-Lúcia push-Nayara push-Renata
push-Marcio push-Talita 2x-pop push-Clara push-Marcio push-Talita 2x-pop push-Fábia push-Marcio push-Talita 1x-pop push-Marlon push-Talita 1x-pop push-Rafaela push-Talita 4x-pop push-Iris push-Marcio push-Marlon push-Rafaela push-Talita 7x-pop push-Ana push-Clara push-Fábia push-Iris push-Marcio push-Marlon push-Rafaela push-Talita 6x-pop push-Cristina push-Fábia push-Iris push-Marcio push-Marlon push-Rafaela push-Talita 2x-pop push-Paulo push-Rafaela push-Talita 6x-pop push-Gustavo push-Iris push-Marcio push-Marlon push-Paulo push-Rafaela push-Talita
push-Bianca push-Lívia push-Vinicius 2x-pop push-Eduardo push-Lívia push-Vinicius
push-Dayana push-Vanessa 1x-pop push-Marcos push-Vanessa 2x-pop push-Lucas push-Marcos push-Vanessa 1x-pop push-Sophia push-Vanessa 4x-pop push-Julia push-Lucas push-Marcos push-Sophia push-Vanessa 2x-pop push-Matheus push-Sophia push-Vanessa 6x-pop push-Isadora push-Julia push-Lucas push-Marcos push-Matheus push-Sophia push-Vanessa 7x-pop push-Emilly push-Isadora push-Julia push-Lucas push-Marcos push-Matheus push-Sophia push-Vanessa 7x-pop push-Felipe push-Isadora push-Julia push-Lucas push-Marcos push-Matheus push-Sophia push-Vanessa
push-Nathalia push-Pedro 2x-pop push-Lucas push-Nathalia push-Pedro push-Samuel 4x-pop push-Gustavo push-Lucas push-Nathalia push-Pedro push-Samuel 5x-pop push-Bruno push-Gustavo push-Lucas push-Nathalia push-Pedro push-Samuel 5x-pop push-Dayana push-Gustavo push-Lucas push-Nathalia push-Pedro push-Samuel push-Vanessa 4x-pop push-Marcos push-Nathalia push-Pedro push-Samuel push-Vanessa 5x-pop push-Lucas push-Marcos push-Nathalia push-Pedro push-Samuel push-Vanessa 1x-pop push-Sophia push-Vanessa 8x-pop push-Julia push-Lucas push-Lucas push-Marcos push-Nathalia push-Pedro push-Samuel push-Sophia push-Vanessa 5x-pop push-Matheus push-Nathalia push-Pedro push-Samuel push-Sophia push-Vanessa
push-Isadora 1x-pop push-Emilly push-Isadora 1x-pop push-Felipe push-Isadora push-Nathalia push-Pedro 2x-pop push-Lucas push-Nathalia push-Pedro push-Samuel 5x-pop push-Gustavo push-Isadora push-Lucas push-Nathalia push-Pedro push-Samuel 8x-pop push-Bruno push-Emilly push-Felipe push-Gustavo push-Isadora push-Lucas push-Nathalia push-Pedro push-Samuel
push-Bianca 1x-pop push-Amanda push-Bianca push-Karen push-Renata 2x-pop push-Eduardo push-Karen push-Renata push-Thiago push-Yara 2x-pop push-Rafael push-Thiago push-Yara
push-Otavio push-Talita 1x-pop push-Sofia push-Talita 2x-pop push-Priscila push-Sofia push-Talita 4x-pop push-Diego push-Otavio push-Priscila push-Sofia push-Talita 4x-pop push-Jessica push-Otavio push-Priscila push-Sofia push-Talita push-Zoe 7x-pop push-Carolina push-Diego push-Jessica push-Otavio push-Priscila push-Sofia push-Talita push-Zoe 5x-pop push-Marcelo push-Otavio push-Priscila push-Sofia push-Talita push-Zoe
push-Jonas push-Ulisses 2x-pop push-Alice push-Jonas push-Ulisses
push-Kamila push-Oscar push-William 3x-pop push-Barbara push-Kamila push-Oscar push-William push-Xavier
push-Vitoria 1x-pop push-Leticia push-Vitoria 2x-pop push-Igor push-Leticia push-Vitoria push-Valentina
push-Zacarias 1x-pop push-Humberto push-Zacarias 2x-pop push-Fernanda push-Humberto push-Zacarias 1x-pop push-João push-Zacarias 1x-pop push-Ubiratan push-Zacarias 1x-pop push-Vanessa push-Zacarias 6x-pop push-Diana push-Fernanda push-Humberto push-João push-Ubiratan push-Vanessa push-Zacarias
push-Wagner 1x-pop push-Bruno push-Wagner
push-Larissa 1x-pop push-Joana push-Larissa push-Quintino 1x-pop push-Nilton push-Quintino
push-Yasmin 1x-pop push-Isis push-Yasmin 1x-pop push-Xandão push-Yasmin 3x-pop push-Cleber push-Isis push-Xandão push-Yasmin push-Zuleide 4x-pop push-David push-Isis push-Xandão push-Yasmin push-Zuleide
push-Elisa push-Marina 1x-pop push-Henrique push-Marina 2x-pop push-Gabriela push-Henrique push-Marina
push-bia push-carla push-dani push-elaine 4x-pop push-ana push-bia push-carla push-dani push-elaine
push-Wellington push-Xavier push-Yara push-Zeca 4x-pop push-Amanda push-Wellington push-Xavier push-Yara push-Zeca 4x-pop push-Beatriz push-Wellington push-Xavier push-Yara push-Zeca 4x-pop push-Carlos push-Wellington push-Xavier push-Yara push-Zeca
push-Daniela push-Eduardo push-Fernanda push-Gustavo push-Heitor push-Isadora push-Jessica push-Kauan
push-Luana push-Mariana push-Nicolas push-Olivia push-Priscila push-Quezia
push-Samuel push-Tais push-Ugo push-Vera push-Wendy push-Xuxa push-Yuri
push-Ana push-Carolina 1x-pop push-Bruna push-Carolina push-Caio push-Debora push-Eduardo push-Fernanda push-GabrielHeloisa push-Ingrid push-Joaquim push-Kamila push-Luiz push-Marina push-Nicolas push-Oscar
push-Pamela push-Quirino push-Renata push-Silas push-Tadeu push-Ulisses push-Vania push-Wellington
push-Ximena push-Yago push-Zara 3x-pop push-Andre push-Ximena push-Yago push-Zara 3x-pop push-Beatriz push-Ximena push-Yago push-Zara 3x-pop push-Caio push-Ximena push-Yago push-Zara 3x-pop push-Daniele push-Ximena push-Yago push-Zara
push-Eduardo push-Fernanda push-Gabriel push-Henrique push-Ingrid push-Joao
push-Karina push-Luiza push-Marcelo push-Nathalia push-Otavio push-Paula push-Rafael
push-Sara push-Tulio push-Ugo push-Vitor push-Waldir push-Xuxa push-Yago
push-Ana push-Bruno push-Carla push-Diego push-Elena push-Fabio
push-Gabriela push-Henrique push-Isabela push-Joao push-Karen push-Lucas
push-Amanda push-Luiz 1x-pop push-Gabriel push-Luiz 1x-pop push-Isadora push-Luiz 1x-pop push-João push-Luiz
push-Yara 1x-pop push-Tiago push-Yara 2x-pop push-Eduardo push-Tiago push-Yara 2x-pop push-Natalia push-Tiago push-Yara
push-Vera 1x-pop push-Luana push-Vera 1x-pop push-Matheus push-Vera 3x-pop push-Gustavo push-Luana push-Matheus push-Vera 3x-pop push-Kamila push-Luana push-Matheus push-Vera
push-Samuel 1x-pop push-Natalia push-Samuel 2x-pop push-Kauan push-Natalia push-Samuel 1x-pop push-Renata push-Samuel 4x-pop push-Bernardo push-Kauan push-Natalia push-Renata push-Samuel 1x-pop push-Raquel push-Samuel
push-Ingrid push-Tadeu 1x-pop push-Mariana push-Tadeu push-Xavier 4x-pop push-Fernanda push-Ingrid push-Mariana push-Tadeu push-Xavier 5x-pop push-Carlos push-Fernanda push-Ingrid push-Mariana push-Tadeu push-Xavier 4x-pop push-Heloisa push-Ingrid push-Mariana push-Tadeu push-Xavier
push-Daniela push-Lucas push-Ursula 3x-pop push-Beatriz push-Daniela push-Lucas push-Ursula 1x-pop push-Sabrina push-Ursula 3x-pop push-Joaquim push-Lucas push-Sabrina push-Ursula 2x-pop push-Otavio push-Sabrina push-Ursula
push-Vanessa 1x-pop push-Luiz push-Vanessa 2x-pop push-Debora push-Luiz push-Vanessa 1x-pop push-Ricardo push-Vanessa 2x-pop push-Pamela push-Ricardo push-Vanessa 5x-pop push-Bruna push-Debora push-Luiz push-Pamela push-Ricardo push-Vanessa 2x-pop push-Quirino push-Ricardo push-Vanessa
push-Sofia 1x-pop push-Joao push-Sofia 2x-pop push-Henrique push-Joao push-Sofia 3x-pop push-Carolina push-Henrique push-Joao push-Sofia 3x-pop push-Caio push-Henrique push-Joao push-Sofia 3x-pop push-Eduardo push-Henrique push-Joao push-Sofia
push-Nathalia push-Sofia push-Yuri 3x-pop push-Heitor push-Nathalia push-Sofia push-Yuri 3x-pop push-Isabela push-Nathalia push-Sofia push-Yuri 1x-pop push-Vanessa push-Yuri 1x-pop push-Wellington push-Yuri
push-Nathalia push-Sophia 2x-pop push-Karina push-Nathalia push-Sophia push-Ulisses push-Ximena 1x-pop push-Vitor push-Ximena 6x-pop push-Beatriz push-Karina push-Nathalia push-Sophia push-Ulisses push-Vitor push-Ximena push-Yuri
push-Wendy push-Xavier 2x-pop push-Amanda push-Wendy push-Xavier push-Zara 3x-pop push-Felipe push-Wendy push-Xavier push-Zara 4x-pop push-Eduardo push-Felipe push-Wendy push-Xavier push-Zara 3x-pop push-Marcela push-Wendy push-Xavier push-Zara
push-Carla push-Sabrina 2x-pop push-Bruno push-Carla push-Sabrina 1x-pop push-Olivia push-Sabrina 2x-pop push-Karen push-Olivia push-Sabrina 3x-pop push-Gabrielle push-Karen push-Olivia push-Sabrina
push-Gabriel push-Nathalia 2x-pop push-Danilo push-Gabriel push-Nathalia 2x-pop push-Eduardo push-Gabriel push-Nathalia 2x-pop push-Fernanda push-Gabriel push-Nathalia 1x-pop push-Kamila push-Nathalia 2x-pop push-Heitor push-Kamila push-Nathalia
push-Isabela push-Joao 2x-pop push-Heloisa push-Isabela push-Joao push-Laís push-Marina push-Ximena
push-Rafael push-Valentina 2x-pop push-Gustavo push-Rafael push-Valentina 3x-pop push-Felipe push-Gustavo push-Rafael push-Valentina 2x-pop push-Isadora push-Rafael push-Valentina 2x-pop push-Lara push-Rafael push-Valentina
push-Alessandra push-Bernardo push-Camila push-Danilo push-Elisa push-Felipe push-Gabrielle
push-Maria 1x-pop push-Luciana push-Maria push-Xavier 2x-pop push-Luiza push-Maria push-Xavier 4x-pop push-Joaquim push-Luciana push-Luiza push-Maria push-Xavier
push-Fernanda push-Thais 2x-pop push-Carlos push-Fernanda push-Thais push-Ulisses push-Vanessa push-Wellington
push-Vanessa 1x-pop push-Maria push-Vanessa 1x-pop push-Tadeu push-Vanessa 2x-pop push-Matheus push-Tadeu push-Vanessa 4x-pop push-Ingrid push-Maria push-Matheus push-Tadeu push-Vanessa 1x-pop push-Ulisses push-Vanessa 6x-pop push-Bernardo push-Ingrid push-Maria push-Matheus push-Tadeu push-Ulisses push-Vanessa
push-Bruna 1x-pop push-Amanda push-Bruna push-Sofia 1x-pop push-Eduardo push-Sofia 1x-pop push-Gustavo push-Sofia 1x-pop push-Isadora push-Sofia 1x-pop push-Joao push-Sofia
push-Xavier push-Yara push-Zeca 3x-pop push-Amanda push-Xavier push-Yara push-Zeca 3x-pop push-Beatriz push-Xavier push-Yara push-Zeca 3x-pop push-Carlos push-Xavier push-Yara push-Zeca
push-Daniela push-Eduardo push-Fernanda push-Gustavo push-Heitor push-Isadora
push-Jessica push-Kauan push-Luana push-Mariana push-Nicolas
push-Olivia push-Priscila push-Quezia push-Ricardo push-Samuel push-Tais push-Ugo
push-Vera push-Wendy push-Xuxa push-Yuri 4x-pop push-Ana push-Vera push-Wendy push-Xuxa push-Yuri 4x-pop push-Carolina push-Vera push-Wendy push-Xuxa push-Yuri
push-Caio push-Debora push-Eduardo push-Fernanda push-Gabriel push-Heloisa push-Ingrid
push-Joaquim push-Kamila push-Luiz push-Marina push-Nicolas push-Oscar push-Pamela
push-Quirino push-Renata push-Silas push-Tadeu push-Ulisses push-Vania push-Wellington
push-Andre push-Beatriz push-Caio push-Daniele push-Eduardo push-Fernanda push-Gabriel
push-Henrique push-Ingrid push-Joao push-Karina push-Luiza push-Marcelo push-Nathalia push-Otavio
push-Paula push-Rafael push-Sara push-Tulio push-Ugo push-Vitor push-Waldir
push-Olivia 1x-pop push-Bruna push-Olivia 1x-pop push-Carla push-Olivia 1x-pop push-Diego push-Olivia 1x-pop push-Elena push-Olivia 1x-pop push-Fabio push-Olivia 1x-pop push-Gabriela push-Olivia 1x-pop push-Henrique push-Olivia
push-Xavier 1x-pop push-Joao push-Xavier 1x-pop push-Karen push-Xavier 1x-pop push-Lucas push-Xavier 1x-pop push-Maria push-Xavier 1x-pop push-Nathalia push-Xavier 1x-pop push-Otavio push-Xavier
push-Patricia push-Rafael push-Sabrina push-Thiago push-Vanessa 5x-pop push-Alessandra push-Patricia push-Rafael push-Sabrina push-Thiago push-Vanessa 5x-pop push-Bernardo push-Patricia push-Rafael push-Sabrina push-Thiago push-Vanessa
push-Camila push-Danilo push-Elisa push-Felipe push-Gabrielle push-Helena push-Ivan push-Juliana
push-Leonardo push-Marcela push-Natan push-Pedro push-Raquel push-Sofia push-Tiago push-Ursula
push-Valentina push-Wellington push-Xavier push-Yara push-Zeca 5x-pop push-Amanda push-Valentina push-Wellington push-Xavier push-Yara push-Zeca 5x-pop push-Beatriz push-Valentina push-Wellington push-Xavier push-Yara push-Zeca 5x-pop push-Carlos push-Valentina push-Wellington push-Xavier push-Yara push-Zeca
push-Debora push-Eduardo push-Fernanda push-Gabriel push-Gustavo push-Heitor
push-bia 1x-pop push-ana push-bia
push-Maria 1x-pop push-Eduarda push-Maria 2x-pop push-Aline push-Eduarda push-Maria push-Vanessa
push-Pedro 1x-pop push-Henrique push-Pedro 2x-pop push-Gustavo push-Henrique push-Pedro 1x-pop push-Maurício push-Pedro
push-Luana push-Taina 1x-pop push-Silvana push-Taina 3x-pop push-Bruna push-Luana push-Silvana push-Taina 3x-pop push-Isadora push-Luana push-Silvana push-Taina push-Thiago 5x-pop push-Guilherme push-Isadora push-Luana push-Silvana push-Taina push-Thiago
push-Beatriz push-Fernanda 2x-pop push-Aline push-Beatriz push-Fernanda push-Mariana 1x-pop push-Luiza push-Mariana
push-Francisco push-Gustavo push-Rafael push-Thiago push-Vanessa 3x-pop push-Luiza push-Rafael push-Thiago push-Vanessa 5x-pop push-Fernanda push-Gustavo push-Luiza push-Rafael push-Thiago push-Vanessa 4x-pop push-Karina push-Luiza push-Rafael push-Thiago push-Vanessa
push-Júlia 1x-pop push-Ana push-Júlia 1x-pop push-Clara push-Júlia
push-Fernanda push-Rafaela
push-Mateus 1x-pop push-Eduardo push-Mateus push-Mauricio 2x-pop push-Francisco push-Mateus push-Mauricio
push-Victoria 1x-pop push-Livia push-Victoria 1x-pop push-Mariana push-Victoria 2x-pop push-Larissa push-Mariana push-Victoria
push-Rafaela 1x-pop push-Natalia push-Rafaela push-Suelen 3x-pop push-Jessica push-Natalia push-Rafaela push-Suelen
push-Renato push-Rafael 2x-pop push-Alexandre push-Renato push-Rafael 2x-pop push-Marcelo push-Renato push-Rafael
push-Sofia 1x-pop push-Luana push-Sofia 2x-pop push-Bruna push-Luana push-Sofia 2x-pop push-Isadora push-Luana push-Sofia 1x-pop push-Larissa push-Sofia
push-Mauricio push-Rafael 2x-pop push-Gustavo push-Mauricio push-Rafael push-Thiago
push-Karina 1x-pop push-Fernanda push-Karina push-Vanessa 1x-pop push-Luiza push-Vanessa
push-Aline push-Maria 1x-pop push-Eduarda push-Maria push-Vanessa 2x-pop push-Larissa push-Maria push-Vanessa
push-Isadora 1x-pop push-Fernanda push-Isadora push-Júlia 3x-pop push-Ana push-Fernanda push-Isadora push-Júlia 3x-pop push-Clara push-Fernanda push-Isadora push-Júlia
push-Livia push-Victoria 1x-pop push-Mariana push-Victoria 2x-pop push-Larissa push-Mariana push-Victoria
push-Rafaela 1x-pop push-Natalia push-Rafaela push-Suelen 3x-pop push-Jessica push-Natalia push-Rafaela push-Suelen 4x-pop push-Fernanda push-Jessica push-Natalia push-Rafaela push-Suelen
push-Henrique 1x-pop push-Gustavo push-Henrique push-Pedro 3x-pop push-Eduardo push-Gustavo push-Henrique push-Pedro
push-Ana push-Clara push-Luana push-Taina 1x-pop push-Silvana push-Taina 4x-pop push-Bruna push-Clara push-Luana push-Silvana push-Taina
push-Francisco push-Mauricio push-Mateus push-Rafael
push-Beatriz push-Fernanda 2x-pop push-Aline push-Beatriz push-Fernanda push-Mariana 1x-pop push-Larissa push-Mariana
push-Thiago 1x-pop push-Guilherme push-Thiago 1x-pop push-Rafael push-Thiago 2x-pop push-Mateus push-Rafael push-Thiago
push-Karina push-Luiza 2x-pop push-Fernanda push-Karina push-Luiza push-Vanessa 4x-pop push-Aline push-Fernanda push-Karina push-Luiza push-Vanessa
push-Pedro 1x-pop push-Henrique push-Pedro 1x-pop push-Mauricio push-Pedro 3x-pop push-Eduardo push-Henrique push-Mauricio push-Pedro
push-Larissa push-Maria 2x-pop push-Eduarda push-Larissa push-Maria push-Victoria 3x-pop push-Fernanda push-Larissa push-Maria push-Victoria
push-Isadora 1x-pop push-Bruna push-Isadora push-Luana push-Thiago 3x-pop push-Guilherme push-Isadora push-Luana push-Thiago
push-Rafaela 1x-pop push-Natalia push-Rafaela push-Suelen 3x-pop push-Jessica push-Natalia push-Rafaela push-Suelen 4x-pop push-Fernanda push-Jessica push-Natalia push-Rafaela push-Suelen 3x-pop push-Júlia push-Natalia push-Rafaela push-Suelen
push-Alexandre push-Marcelo push-Rafael push-Renato
push-Gustavo 1x-pop push-Francisco push-Gustavo push-Rafael push-Thiago
push-Mariana 1x-pop push-Fernanda push-Mariana 2x-pop push-Beatriz push-Fernanda push-Mariana 1x-pop push-Luiza push-Mariana
push-Eduardo push-Mateus push-Mauricio 2x-pop push-Francisco push-Mateus push-Mauricio push-Victoria 3x-pop push-Livia push-Mateus push-Mauricio push-Victoria 1x-pop push-Mariana push-Victoria 7x-pop push-Ana push-Eduardo push-Francisco push-Livia push-Mateus push-Mauricio push-Mariana push-Victoria 7x-pop push-Clara push-Eduardo push-Francisco push-Livia push-Mateus push-Mauricio push-Mariana push-Victoria
push-Luana push-Taina 1x-pop push-Silvana push-Taina 3x-pop push-Bruna push-Luana push-Silvana push-Taina 3x-pop push-Isadora push-Luana push-Silvana push-Taina
push-Sofia 1x-pop push-Natalia push-Sofia 1x-pop push-Rafaela push-Sofia 3x-pop push-Larissa push-Natalia push-Rafaela push-Sofia
push-Vanessa 1x-pop push-Aline push-Vanessa 1x-pop push-Fernanda push-Vanessa 1x-pop push-Karina push-Vanessa 1x-pop push-Luiza push-Vanessa
push-Thiago 1x-pop push-Rafael push-Thiago 2x-pop push-Gustavo push-Rafael push-Thiago 2x-pop push-Pedro push-Rafael push-Thiago
push-Ana push-Clara push-Fernanda push-Júlia push-Rafaela
push-Mauricio 1x-pop push-Francisco push-Mauricio push-Mateus 3x-pop push-Eduardo push-Francisco push-Mauricio push-Mateus 2x-pop push-Livia push-Mauricio push-Mateus push-Victoria 1x-pop push-Mariana push-Victoria 4x-pop push-Larissa push-Mauricio push-Mateus push-Mariana push-Victoria 1x-pop push-Sofia push-Victoria 2x-pop push-Rafaela push-Sofia push-Victoria 3x-pop push-Natalia push-Rafaela push-Sofia push-Victoria 1x-pop push-Suelen push-Victoria 10x-pop push-Jessica push-Livia push-Larissa push-Mauricio push-Mateus push-Mariana push-Natalia push-Rafaela push-Sofia push-Suelen push-Victoria 11x-pop push-Fernanda push-Jessica push-Livia push-Larissa push-Mauricio push-Mateus push-Mariana push-Natalia push-Rafaela push-Sofia push-Suelen push-Victoria 11x-pop push-Henrique push-Jessica push-Livia push-Larissa push-Mauricio push-Mateus push-Mariana push-Natalia push-Rafaela push-Sofia push-Suelen push-Victoria 12x-pop push-Gustavo push-Henrique push-Jessica push-Livia push-Larissa push-Mauricio push-Mateus push-Mariana push-Natalia push-Rafaela push-Sofia push-Suelen push-Victoria 4x-pop push-Pedro push-Rafaela push-Sofia push-Suelen push-Victoria 6x-pop push-Mateus push-Natalia push-Pedro push-Rafaela push-Sofia push-Suelen push-Victoria 10x-pop push-Luana push-Mauricio push-Mateus push-Mariana push-Mateus push-Natalia push-Pedro push-Rafaela push-Sofia push-Suelen push-Victoria 1x-pop push-Taina push-Victoria 2x-pop push-Silvana push-Taina push-Victoria 21x-pop push-Bruna push-Eduardo push-Francisco push-Fernanda push-Gustavo push-Henrique push-Jessica push-Livia push-Larissa push-Luana push-Mauricio push-Mateus push-Mariana push-Mateus push-Natalia push-Pedro push-Rafaela push-Sofia push-Suelen push-Silvana push-Taina push-Victoria 16x-pop push-Isadora push-Jessica push-Livia push-Larissa push-Luana push-Mauricio push-Mateus push-Mariana push-Mateus push-Natalia push-Pedro push-Rafaela push-Sofia push-Suelen push-Silvana push-Taina push-Victoria 19x-pop push-Francisco push-Gustavo push-Henrique push-Isadora push-Jessica push-Livia push-Larissa push-Luana push-Mauricio push-Mateus push-Mariana push-Mateus push-Natalia push-Pedro push-Rafaela push-Sofia push-Suelen push-Silvana push-Taina push-Victoria 5x-pop push-Rafael push-Sofia push-Suelen push-Silvana push-Taina push-Victoria 1x-pop push-Thiago push-Victoria 20x-pop push-Gustavo push-Henrique push-Isadora push-Jessica push-Livia push-Larissa push-Luana push-Mauricio push-Mateus push-Mariana push-Mateus push-Natalia push-Pedro push-Rafaela push-Rafael push-Sofia push-Suelen push-Silvana push-Taina push-Thiago push-Victoria 27x-pop push-Ana push-Bruna push-Eduardo push-Francisco push-Fernanda push-Francisco push-Gustavo push-Gustavo push-Henrique push-Isadora push-Jessica push-Livia push-Larissa push-Luana push-Mauricio push-Mateus push-Mariana push-Mateus push-Natalia push-Pedro push-Rafaela push-Rafael push-Sofia push-Suelen push-Silvana push-Taina push-Thiago push-Victoria
push-Beatriz push-Fernanda 2x-pop push-Aline push-Beatriz push-Fernanda push-Mariana push-Victoria
push-Karina push-Vanessa 1x-pop push-Luiza push-Vanessa 3x-pop push-Fernanda push-Karina push-Luiza push-Vanessa
push-Pedro 1x-pop push-Henrique push-Pedro 1x-pop push-Mauricio push-Pedro 3x-pop push-Eduardo push-Henrique push-Mauricio push-Pedro push-Rafael
push-Maria 1x-pop push-Eduarda push-Maria 1x-pop push-Larissa push-Maria 3x-pop push-Aline push-Eduarda push-Larissa push-Maria
push-Isadora push-Thiago 2x-pop push-Guilherme push-Isadora push-Thiago 3x-pop push-Bruna push-Guilherme push-Isadora push-Thiago 1x-pop push-Luana push-Thiago
push-Rafaela 1x-pop push-Natalia push-Rafaela push-Suelen 3x-pop push-Jessica push-Natalia push-Rafaela push-Suelen 4x-pop push-Fernanda push-Jessica push-Natalia push-Rafaela push-Suelen
push-Alexandre push-Rafael push-Renato 2x-pop push-Marcelo push-Rafael push-Renato
push-Gustavo push-Rafael 2x-pop push-Francisco push-Gustavo push-Rafael push-Thiago
push-Mariana 1x-pop push-Fernanda push-Mariana 1x-pop push-Luiza push-Mariana 2x-pop push-Karina push-Luiza push-Mariana
push-Eduardo push-Francisco push-Mateus push-Mauricio
push-Victoria 1x-pop push-Livia push-Victoria 1x-pop push-Mariana push-Victoria 2x-pop push-Larissa push-Mariana push-Victoria 1x-pop push-Sofia push-Victoria
push-Luana push-Taina 2x-pop push-Bruna push-Luana push-Taina 2x-pop push-Isadora push-Luana push-Taina 1x-pop push-Silvana push-Taina
push-Natalia push-Rafaela push-Suelen 3x-pop push-Jessica push-Natalia push-Rafaela push-Suelen
push-Thiago 1x-pop push-Pedro push-Thiago 2x-pop push-Henrique push-Pedro push-Thiago 3x-pop push-Gustavo push-Henrique push-Pedro push-Thiago 4x-pop push-Eduardo push-Gustavo push-Henrique push-Pedro push-Thiago
push-Ana push-Clara push-Fernanda push-Júlia push-Rafaela
push-Mauricio push-Mateus 2x-pop push-Francisco push-Mauricio push-Mateus 3x-pop push-Eduardo push-Francisco push-Mauricio push-Mateus
push-Victoria 1x-pop push-Mariana push-Victoria 2x-pop push-Livia push-Mariana push-Victoria 2x-pop push-Larissa push-Mariana push-Victoria
push-Fernanda push-Karina push-Luiza push-Vanessa 4x-pop push-Aline push-Fernanda push-Karina push-Luiza push-Vanessa
push-Rafaela 1x-pop push-Natalia push-Rafaela push-Suelen 3x-pop push-Jessica push-Natalia push-Rafaela push-Suelen 4x-pop push-Fernanda push-Jessica push-Natalia push-Rafaela push-Suelen
push-Henrique 1x-pop push-Gustavo push-Henrique push-Pedro 3x-pop push-Eduardo push-Gustavo push-Henrique push-Pedro 1x-pop push-Mateus push-Pedro
push-Luana push-Taina 1x-pop push-Silvana push-Taina 3x-pop push-Bruna push-Luana push-Silvana push-Taina 3x-pop push-Isadora push-Luana push-Silvana push-Taina
push-Thiago 1x-pop push-Rafael push-Thiago 2x-pop push-Francisco push-Rafael push-Thiago 2x-pop push-Gustavo push-Rafael push-Thiago
push-Beatriz 1x-pop push-Aline push-Beatriz push-Mariana 1x-pop push-Fernanda push-Mariana 1x-pop push-Luiza push-Mariana
push-Vanessa 1x-pop push-Karina push-Vanessa 1x-pop push-Luiza push-Vanessa 3x-pop push-Fernanda push-Karina push-Luiza push-Vanessa
push-Maria 1x-pop push-Eduarda push-Maria 2x-pop push-Aline push-Eduarda push-Maria 1x-pop push-Larissa push-Maria push-Victoria
push-Isadora push-Thiago 2x-pop push-Guilherme push-Isadora push-Thiago 3x-pop push-Bruna push-Guilherme push-Isadora push-Thiago 1x-pop push-Larissa push-Thiago
push-Rafaela 1x-pop push-Natalia push-Rafaela push-Suelen 3x-pop push-Jessica push-Natalia push-Rafaela push-Suelen 4x-pop push-Fernanda push-Jessica push-Natalia push-Rafaela push-Suelen 3x-pop push-Júlia push-Natalia push-Rafaela push-Suelen 6x-pop push-Alexandre push-Fernanda push-Jessica push-Júlia push-Natalia push-Rafaela push-Suelen 1x-pop push-Rafael push-Suelen 1x-pop push-Renato push-Suelen 5x-pop push-Marcelo push-Natalia push-Rafaela push-Rafael push-Renato push-Suelen 8x-pop push-Gustavo push-Jessica push-Júlia push-Marcelo push-Natalia push-Rafaela push-Rafael push-Renato push-Suelen 9x-pop push-Francisco push-Gustavo push-Jessica push-Júlia push-Marcelo push-Natalia push-Rafaela push-Rafael push-Renato push-Suelen 1x-pop push-Rafael push-Suelen push-Thiago
push-Mariana 1x-pop push-Fernanda push-Mariana 1x-pop push-Luiza push-Mariana 2x-pop push-Karina push-Luiza push-Mariana
push-Eduardo push-Francisco push-Mateus push-Mauricio 2x-pop push-Livia push-Mateus push-Mauricio push-Mariana push-Victoria 1x-pop push-Sofia push-Victoria 5x-pop push-Larissa push-Mateus push-Mauricio push-Mariana push-Sofia push-Victoria
push-Luana push-Taina 1x-pop push-Silvana push-Taina
push-Aline push-Fernanda push-Luiza push-Mariana push-Vanessa
push-Thiago 1x-pop push-Gustavo push-Thiago 2x-pop push-Francisco push-Gustavo push-Thiago 1x-pop push-Rafael push-Thiago 2x-pop push-Pedro push-Rafael push-Thiago
push-Isadora 1x-pop push-Bruna push-Isadora push-Luana push-Silvana push-Taina
push-Mateus 1x-pop push-Eduardo push-Mateus 1x-pop push-Francisco push-Mateus push-Mauricio push-Rafael
push-Larissa push-Victoria 1x-pop push-Maria push-Victoria 3x-pop push-Eduarda push-Larissa push-Maria push-Victoria 4x-pop push-Aline push-Eduarda push-Larissa push-Maria push-Victoria 1x-pop push-Suelen push-Victoria 4x-pop push-Jessica push-Larissa push-Maria push-Suelen push-Victoria 5x-pop push-Fernanda push-Jessica push-Larissa push-Maria push-Suelen push-Victoria 2x-pop push-Natalia push-Suelen push-Victoria 2x-pop push-Rafaela push-Suelen push-Victoria 2x-pop push-Renato push-Suelen push-Victoria 5x-pop push-Marcelo push-Natalia push-Rafaela push-Renato push-Suelen push-Victoria 2x-pop push-Rafael push-Suelen push-Victoria 12x-pop push-Alexandre push-Eduarda push-Fernanda push-Jessica push-Larissa push-Maria push-Marcelo push-Natalia push-Rafaela push-Renato push-Rafael push-Suelen push-Victoria 10x-pop push-Gustavo push-Jessica push-Larissa push-Maria push-Marcelo push-Natalia push-Rafaela push-Renato push-Rafael push-Suelen push-Victoria
push-Karina push-Vanessa 1x-pop push-Luiza push-Vanessa 3x-pop push-Fernanda push-Karina push-Luiza push-Vanessa 4x-pop push-Aline push-Fernanda push-Karina push-Luiza push-Vanessa
push-Júlia 1x-pop push-Ana push-Júlia 1x-pop push-Clara push-Júlia 1x-pop push-Fernanda push-Júlia push-Rafaela 1x-pop push-Natalia push-Rafaela
push-Luana push-Taina 1x-pop push-Silvana push-Taina 3x-pop push-Bruna push-Luana push-Silvana push-Taina 3x-pop push-Isadora push-Luana push-Silvana push-Taina
push-Francisco push-Rafael push-Thiago 2x-pop push-Gustavo push-Rafael push-Thiago 2x-pop push-Pedro push-Rafael push-Thiago
push-Mariana 1x-pop push-Fernanda push-Mariana 1x-pop push-Luiza push-Mariana 3x-pop push-Beatriz push-Fernanda push-Luiza push-Mariana
push-Mateus push-Mauricio 2x-pop push-Francisco push-Mateus push-Mauricio 3x-pop push-Eduardo push-Francisco push-Mateus push-Mauricio push-Rafael
push-Livia push-Mariana push-Victoria 1x-pop push-Sofia push-Victoria 3x-pop push-Larissa push-Mariana push-Sofia push-Victoria 2x-pop push-Natalia push-Sofia push-Victoria 1x-pop push-Suelen push-Victoria 7x-pop push-Jessica push-Livia push-Larissa push-Mariana push-Natalia push-Sofia push-Suelen push-Victoria 8x-pop push-Fernanda push-Jessica push-Livia push-Larissa push-Mariana push-Natalia push-Sofia push-Suelen push-Victoria 3x-pop push-Rafaela push-Sofia push-Suelen push-Victoria 9x-pop push-Henrique push-Jessica push-Livia push-Larissa push-Mariana push-Natalia push-Rafaela push-Sofia push-Suelen push-Victoria 4x-pop push-Pedro push-Rafaela push-Sofia push-Suelen push-Victoria 11x-pop push-Gustavo push-Henrique push-Jessica push-Livia push-Larissa push-Mariana push-Natalia push-Pedro push-Rafaela push-Sofia push-Suelen push-Victoria 13x-pop push-Eduardo push-Fernanda push-Gustavo push-Henrique push-Jessica push-Livia push-Larissa push-Mariana push-Natalia push-Pedro push-Rafaela push-Sofia push-Suelen push-Victoria 6x-pop push-Mateus push-Natalia push-Pedro push-Rafaela push-Sofia push-Suelen push-Victoria
push-Aline push-Mariana 1x-pop push-Fernanda push-Mariana 1x-pop push-Luiza push-Mariana 3x-pop push-Beatriz push-Fernanda push-Luiza push-Mariana
push-Vanessa 1x-pop push-Karina push-Vanessa 1x-pop push-Luiza push-Vanessa 3x-pop push-Fernanda push-Karina push-Luiza push-Vanessa 4x-pop push-Aline push-Fernanda push-Karina push-Luiza push-Vanessa
push-Bruna push-Isadora push-Luana push-Silvana push-Taina
push-Rafael push-Thiago 2x-pop push-Francisco push-Rafael push-Thiago 2x-pop push-Gustavo push-Rafael push-Thiago 2x-pop push-Pedro push-Rafael push-Thiago
push-Eduardo push-Francisco push-Mateus push-Mauricio push-Rafael
push-Victoria 1x-pop push-Livia push-Victoria 1x-pop push-Mariana push-Victoria 2x-pop push-Larissa push-Mariana push-Victoria 1x-pop push-Sofia push-Victoria
push-Fernanda 1x-pop push-Ana push-Fernanda 1x-pop push-Clara push-Fernanda push-Júlia push-Rafaela 1x-pop push-Natalia push-Rafaela
push-Luana push-Taina 2x-pop push-Bruna push-Luana push-Taina 1x-pop push-Silvana push-Taina 3x-pop push-Isadora push-Luana push-Silvana push-Taina
push-Francisco push-Rafael push-Thiago 2x-pop push-Gustavo push-Rafael push-Thiago 2x-pop push-Mateus push-Rafael push-Thiago
push-Beatriz 1x-pop push-Aline push-Beatriz push-Fernanda push-Luiza push-Mariana
push-Karina push-Vanessa 1x-pop push-Luiza push-Vanessa 3x-pop push-Fernanda push-Karina push-Luiza push-Vanessa 4x-pop push-Aline push-Fernanda push-Karina push-Luiza push-Vanessa 1x-pop push-Pedro push-Vanessa 5x-pop push-Eduardo push-Fernanda push-Karina push-Luiza push-Pedro push-Vanessa 4x-pop push-Henrique push-Karina push-Luiza push-Pedro push-Vanessa 2x-pop push-Mauricio push-Pedro push-Vanessa 1x-pop push-Rafael push-Vanessa
push-Larissa push-Victoria 1x-pop push-Maria push-Victoria 3x-pop push-Eduarda push-Larissa push-Maria push-Victoria 3x-pop push-Fernanda push-Larissa push-Maria push-Victoria
push-Jessica 1x-pop push-Fernanda push-Jessica push-Natalia push-Suelen 1x-pop push-Rafaela push-Suelen
push-Renato push-Rafael 2x-pop push-Alexandre push-Renato push-Rafael 2x-pop push-Marcelo push-Renato push-Rafael 3x-pop push-Gustavo push-Marcelo push-Renato push-Rafael
push-Sofia 1x-pop push-Livia push-Sofia push-Victoria 2x-pop push-Mariana push-Sofia push-Victoria 3x-pop push-Larissa push-Mariana push-Sofia push-Victoria 1x-pop push-Thiago push-Victoria 3x-pop push-Rafael push-Sofia push-Thiago push-Victoria 7x-pop push-Gustavo push-Livia push-Larissa push-Mariana push-Rafael push-Sofia push-Thiago push-Victoria 4x-pop push-Pedro push-Rafael push-Sofia push-Thiago push-Victoria 9x-pop push-Francisco push-Gustavo push-Livia push-Larissa push-Mariana push-Pedro push-Rafael push-Sofia push-Thiago push-Victoria
push-Luana push-Taina 2x-pop push-Bruna push-Luana push-Taina 2x-pop push-Isadora push-Luana push-Taina 1x-pop push-Silvana push-Taina
push-Mauricio 1x-pop push-Francisco push-Mauricio 2x-pop push-Eduardo push-Francisco push-Mauricio push-Mateus push-Rafael
push-Ana push-Clara push-Fernanda push-Júlia push-Rafaela 1x-pop push-Natalia push-Rafaela
push-Vanessa 1x-pop push-Luiza push-Vanessa 2x-pop push-Fernanda push-Luiza push-Vanessa 2x-pop push-Karina push-Luiza push-Vanessa 4x-pop push-Aline push-Fernanda push-Karina push-Luiza push-Vanessa 3x-pop push-Isadora push-Karina push-Luiza push-Vanessa 5x-pop push-Bruna push-Fernanda push-Isadora push-Karina push-Luiza push-Vanessa 1x-pop push-Luana push-Vanessa 1x-pop push-Silvana push-Vanessa 1x-pop push-Taina push-Vanessa
push-Gustavo push-Rafael 2x-pop push-Francisco push-Gustavo push-Rafael push-Thiago 2x-pop push-Pedro push-Rafael push-Thiago
push-Maria 1x-pop push-Eduarda push-Maria 2x-pop push-Aline push-Eduarda push-Maria 1x-pop push-Fernanda push-Maria push-Victoria
push-Suelen 1x-pop push-Natalia push-Suelen
push-Jessica push-Rafaela 2x-pop push-Fernanda push-Jessica push-Rafaela
push-Renato push-Rafael 2x-pop push-Alexandre push-Renato push-Rafael 2x-pop push-Marcelo push-Renato push-Rafael 3x-pop push-Gustavo push-Marcelo push-Renato push-Rafael
push-Mariana 1x-pop push-Luiza push-Mariana 2x-pop push-Fernanda push-Luiza push-Mariana 3x-pop push-Beatriz push-Fernanda push-Luiza push-Mariana 3x-pop push-Eduardo push-Fernanda push-Luiza push-Mariana push-Mauricio 3x-pop push-Francisco push-Luiza push-Mariana push-Mauricio push-Mateus push-Rafael
push-Victoria 1x-pop push-Livia push-Victoria 1x-pop push-Mariana push-Victoria 1x-pop push-Sofia push-Victoria 3x-pop push-Larissa push-Mariana push-Sofia push-Victoria
push-Luana push-Taina 1x-pop push-Silvana push-Taina 3x-pop push-Bruna push-Luana push-Silvana push-Taina 3x-pop push-Isadora push-Luana push-Silvana push-Taina
push-Thiago 1x-pop push-Rafael push-Thiago 2x-pop push-Gustavo push-Rafael push-Thiago 2x-pop push-Pedro push-Rafael push-Thiago 3x-pop push-Henrique push-Pedro push-Rafael push-Thiago
push-Ana push-Clara push-Fernanda push-Júlia push-Rafaela 1x-pop push-Natalia push-Rafaela
push-Larissa 1x-pop push-Aline push-Larissa push-Maria 2x-pop push-Eduarda push-Larissa push-Maria push-Victoria
push-Isadora push-Thiago 2x-pop push-Guilherme push-Isadora push-Thiago 3x-pop push-Bruna push-Guilherme push-Isadora push-Thiago 1x-pop push-Luana push-Thiago
push-Jessica push-Natalia push-Suelen 1x-pop push-Rafaela push-Suelen 4x-pop push-Fernanda push-Jessica push-Natalia push-Rafaela push-Suelen
push-Renato push-Rafael 2x-pop push-Alexandre push-Renato push-Rafael 2x-pop push-Marcelo push-Renato push-Rafael 3x-pop push-Gustavo push-Marcelo push-Renato push-Rafael
push-Gustavo push-Rafael 2x-pop push-Francisco push-Gustavo push-Rafael push-Thiago 2x-pop push-Pedro push-Rafael push-Thiago
push-Mariana 1x-pop push-Fernanda push-Mariana 1x-pop push-Luiza push-Mariana push-Vanessa 3x-pop push-Karina push-Luiza push-Mariana push-Vanessa
push-Mateus 1x-pop push-Eduardo push-Mateus 1x-pop push-Francisco push-Mateus push-Mauricio push-Rafael
push-Victoria 1x-pop push-Livia push-Victoria 1x-pop push-Mariana push-Victoria 1x-pop push-Sofia push-Victoria 3x-pop push-Larissa push-Mariana push-Sofia push-Victoria
push-Luana push-Taina 1x-pop push-Silvana push-Taina 3x-pop push-Bruna push-Luana push-Silvana push-Taina 3x-pop push-Isadora push-Luana push-Silvana push-Taina
push-Pedro 1x-pop push-Henrique push-Pedro 2x-pop push-Gustavo push-Henrique push-Pedro 3x-pop push-Eduardo push-Gustavo push-Henrique push-Pedro push-Rafael
push-Fernanda push-Júlia 2x-pop push-Ana push-Fernanda push-Júlia 2x-pop push-Clara push-Fernanda push-Júlia push-Rafaela 1x-pop push-Natalia push-Rafaela
push-Vanessa 1x-pop push-Luiza push-Vanessa 2x-pop push-Fernanda push-Luiza push-Vanessa 2x-pop push-Karina push-Luiza push-Vanessa 4x-pop push-Aline push-Fernanda push-Karina push-Luiza push-Vanessa
push-Bruna push-Isadora push-Luana push-Silvana push-Taina
push-Francisco push-Rafael push-Thiago 2x-pop push-Gustavo push-Rafael push-Thiago 4x-pop push-Eduardo push-Francisco push-Gustavo push-Rafael push-Thiago
push-Beatriz 1x-pop push-Aline push-Beatriz push-Fernanda push-Luiza push-Mariana
push-Karina push-Vanessa 1x-pop push-Luiza push-Vanessa 3x-pop push-Fernanda push-Karina push-Luiza push-Vanessa 4x-pop push-Aline push-Fernanda push-Karina push-Luiza push-Vanessa
push-Mauricio 1x-pop push-Francisco push-Mauricio push-Mateus 3x-pop push-Eduardo push-Francisco push-Mauricio push-Mateus push-Rafael
push-Sofia 1x-pop push-Livia push-Sofia push-Victoria 2x-pop push-Mariana push-Sofia push-Victoria 3x-pop push-Larissa push-Mariana push-Sofia push-Victoria 2x-pop push-Natalia push-Sofia push-Victoria 1x-pop push-Suelen push-Victoria 7x-pop push-Jessica push-Livia push-Larissa push-Mariana push-Natalia push-Sofia push-Suelen push-Victoria 3x-pop push-Rafaela push-Sofia push-Suelen push-Victoria 9x-pop push-Fernanda push-Jessica push-Livia push-Larissa push-Mariana push-Natalia push-Rafaela push-Sofia push-Suelen push-Victoria
push-Renato push-Rafael 2x-pop push-Alexandre push-Renato push-Rafael 2x-pop push-Marcelo push-Renato push-Rafael 3x-pop push-Gustavo push-Marcelo push-Renato push-Rafael 3x-pop push-Luana push-Marcelo push-Renato push-Rafael push-Taina 6x-pop push-Bruna push-Gustavo push-Luana push-Marcelo push-Renato push-Rafael push-Taina 5x-pop push-Isadora push-Luana push-Marcelo push-Renato push-Rafael push-Taina 1x-pop push-Silvana push-Taina
push-Thiago 1x-pop push-Rafael push-Thiago 2x-pop push-Gustavo push-Rafael push-Thiago 2x-pop push-Pedro push-Rafael push-Thiago 4x-pop push-Francisco push-Gustavo push-Pedro push-Rafael push-Thiago
push-Aline push-Mariana 1x-pop push-Fernanda push-Mariana 2x-pop push-Beatriz push-Fernanda push-Mariana 1x-pop push-Luiza push-Mariana
push-Vanessa 1x-pop push-Karina push-Vanessa 1x-pop push-Luiza push-Vanessa 3x-pop push-Fernanda push-Karina push-Luiza push-Vanessa 4x-pop push-Aline push-Fernanda push-Karina push-Luiza push-Vanessa
push-Eduardo push-Francisco push-Mateus push-Mauricio push-Rafael 3x-pop push-Giovanni push-Mateus push-Mauricio push-Rafael 6x-pop push-Davi push-Eduardo push-Francisco push-Giovanni push-Mateus push-Mauricio push-Rafael 7x-pop push-Bruno push-Davi push-Eduardo push-Francisco push-Giovanni push-Mateus push-Mauricio push-Rafael 1x-pop push-Nicolas push-Rafael 8x-pop push-Bianca push-Davi push-Eduardo push-Francisco push-Giovanni push-Mateus push-Mauricio push-Nicolas push-Rafael 4x-pop push-Lorena push-Mateus push-Mauricio push-Nicolas push-Rafael 6x-pop push-Flavia push-Giovanni push-Lorena push-Mateus push-Mauricio push-Nicolas push-Rafael push-Raquel
push-Breno push-Eduardo push-Marcos push-Tiago 2x-pop push-Gustavo push-Marcos push-Tiago
push-Helena 1x-pop push-Amanda push-Helena 1x-pop push-Bruna push-Helena push-Juliana
push-Ricardo push-Vitor 2x-pop push-Gustavo push-Ricardo push-Vitor 3x-pop push-Felipe push-Gustavo push-Ricardo push-Vitor 4x-pop push-Daniel push-Felipe push-Gustavo push-Ricardo push-Vitor
push-Laís 1x-pop push-Ana push-Laís push-Paula 2x-pop push-Carla push-Laís push-Paula push-Renata
push-Felipe push-Lucas 2x-pop push-Eduardo push-Felipe push-Lucas push-Rafael 1x-pop push-Pedro push-Rafael
push-Sara 1x-pop push-Bianca push-Sara 1x-pop push-Isadora push-Sara 2x-pop push-Giovanna push-Isadora push-Sara 1x-pop push-Luana push-Sara
push-Gabriel push-Thiago 1x-pop push-Rafael push-Thiago 2x-pop push-João push-Rafael push-Thiago 2x-pop push-Paulo push-Rafael push-Thiago
push-Luisa 1x-pop push-Fernanda push-Luisa push-Mariana 3x-pop push-Aline push-Fernanda push-Luisa push-Mariana 3x-pop push-Beatriz push-Fernanda push-Luisa push-Mariana
push-Leonardo 1x-pop push-Gustavo push-Leonardo push-Rafael 1x-pop push-Matheus push-Rafael 4x-pop push-Felipe push-Gustavo push-Leonardo push-Matheus push-Rafael
push-Yasmin 1x-pop push-Eduarda push-Yasmin 1x-pop push-Gabriela push-Yasmin 1x-pop push-Juliana push-Yasmin 1x-pop push-Raquel push-Yasmin
push-Lucas push-Victor 2x-pop push-Felipe push-Lucas push-Victor 3x-pop push-Eduardo push-Felipe push-Lucas push-Victor 1x-pop push-Rafael push-Victor
push-Amanda push-Bruna push-Lorena push-Raquel 2x-pop push-Bianca push-Lorena push-Raquel
push-Davi 1x-pop push-Bruno push-Davi push-Nicolas 1x-pop push-Giovanni push-Nicolas 2x-pop push-Francisco push-Giovanni push-Nicolas
push-Isadora push-Luana 2x-pop push-Giovanna push-Isadora push-Luana 3x-pop push-Bianca push-Giovanna push-Isadora push-Luana push-Sara
push-Renata 1x-pop push-Ana push-Renata 1x-pop push-Paula push-Renata 2x-pop push-Carla push-Paula push-Renata 2x-pop push-Laís push-Paula push-Renata 3x-pop push-Flavia push-Laís push-Paula push-Renata
push-Thiago 1x-pop push-Rafael push-Thiago 2x-pop push-Gabriel push-Rafael push-Thiago 2x-pop push-Gustavo push-Rafael push-Thiago 2x-pop push-João push-Rafael push-Thiago 2x-pop push-Paulo push-Rafael push-Thiago
push-Pedro 1x-pop push-Felipe push-Pedro 2x-pop push-Eduardo push-Felipe push-Pedro 1x-pop push-Lucas push-Pedro push-Rafael
push-Juliana 1x-pop push-Bruna push-Juliana 2x-pop push-Amanda push-Bruna push-Juliana 1x-pop push-Helena push-Juliana push-Lorena
push-Felipe 1x-pop push-Daniel push-Felipe push-Ricardo 1x-pop push-Gustavo push-Ricardo push-Vitor
push-Beatriz 1x-pop push-Aline push-Beatriz push-Fernanda push-Mariana 1x-pop push-Luisa push-Mariana
push-Matheus 1x-pop push-Felipe push-Matheus 1x-pop push-Leonardo push-Matheus push-Rafael
push-Gustavo
push-Raquel 1x-pop push-Juliana push-Raquel 1x-pop push-Lorena push-Raquel 3x-pop push-Bianca push-Juliana push-Lorena push-Raquel 3x-pop push-Flavia push-Juliana push-Lorena push-Raquel
push-Gabriela push-Yasmin 2x-pop push-Eduarda push-Gabriela push-Yasmin 1x-pop push-Raquel push-Yasmin 2x-pop push-Juliana push-Raquel push-Yasmin
push-Rafael 1x-pop push-Lucas push-Rafael 2x-pop push-Eduardo push-Lucas push-Rafael push-Victor 3x-pop push-Felipe push-Lucas push-Rafael push-Victor
push-Lorena 1x-pop push-Bruna push-Lorena 2x-pop push-Amanda push-Bruna push-Lorena push-Raquel 2x-pop push-Bianca push-Lorena push-Raquel
push-Nicolas 1x-pop push-Giovanni push-Nicolas 2x-pop push-Davi push-Giovanni push-Nicolas 3x-pop push-Bruno push-Davi push-Giovanni push-Nicolas 2x-pop push-Francisco push-Giovanni push-Nicolas
push-Giovanna 1x-pop push-Bianca push-Giovanna push-Sara 1x-pop push-Isadora push-Sara 1x-pop push-Luana push-Sara
push-Flavia push-Laís 2x-pop push-Ana push-Flavia push-Laís push-Paula push-Renata 4x-pop push-Carla push-Flavia push-Laís push-Paula push-Renata
push-João push-Paulo 2x-pop push-Gabriel push-João push-Paulo push-Rafael push-Thiago 4x-pop push-Gustavo push-João push-Paulo push-Rafael push-Thiago
push-Lucas 1x-pop push-Eduardo push-Lucas 1x-pop push-Felipe push-Lucas push-Pedro push-Rafael 3x-pop push-Helena push-Lucas push-Pedro push-Rafael 6x-pop push-Amanda push-Eduardo push-Felipe push-Helena push-Lucas push-Pedro push-Rafael 2x-pop push-Lorena push-Pedro push-Rafael 4x-pop push-Juliana push-Lucas push-Lorena push-Pedro push-Rafael 8x-pop push-Bruna push-Eduardo push-Felipe push-Helena push-Juliana push-Lucas push-Lorena push-Pedro push-Rafael push-Vitor 7x-pop push-Gustavo push-Helena push-Juliana push-Lucas push-Lorena push-Pedro push-Rafael push-Vitor 8x-pop push-Felipe push-Gustavo push-Helena push-Juliana push-Lucas push-Lorena push-Pedro push-Rafael push-Vitor 11x-pop push-Daniel push-Eduardo push-Felipe push-Felipe push-Gustavo push-Helena push-Juliana push-Lucas push-Lorena push-Pedro push-Rafael push-Vitor 1x-pop push-Ricardo push-Vitor 4x-pop push-Mariana push-Pedro push-Rafael push-Ricardo push-Vitor 15x-pop push-Aline push-Bruna push-Daniel push-Eduardo push-Felipe push-Felipe push-Gustavo push-Helena push-Juliana push-Lucas push-Lorena push-Mariana push-Pedro push-Rafael push-Ricardo push-Vitor 5x-pop push-Luisa push-Mariana push-Pedro push-Rafael push-Ricardo push-Vitor 15x-pop push-Beatriz push-Daniel push-Eduardo push-Felipe push-Felipe push-Gustavo push-Helena push-Juliana push-Lucas push-Lorena push-Luisa push-Mariana push-Pedro push-Rafael push-Ricardo push-Vitor 11x-pop push-Fernanda push-Gustavo push-Helena push-Juliana push-Lucas push-Lorena push-Luisa push-Mariana push-Pedro push-Rafael push-Ricardo push-Vitor
push-Rafael 1x-pop push-Matheus push-Rafael 2x-pop push-Gustavo push-Matheus push-Rafael 2x-pop push-Leonardo push-Matheus push-Rafael 4x-pop push-Felipe push-Gustavo push-Leonardo push-Matheus push-Rafael
push-Juliana push-Raquel 1x-pop push-Lorena push-Raquel 3x-pop push-Bianca push-Juliana push-Lorena push-Raquel 3x-pop push-Flavia push-Juliana push-Lorena push-Raquel
push-Gabriela push-Yasmin 1x-pop push-Juliana push-Yasmin 1x-pop push-Raquel push-Yasmin 4x-pop push-Eduarda push-Gabriela push-Juliana push-Raquel push-Yasmin
push-Felipe 1x-pop push-Eduardo push-Felipe push-Rafael 1x-pop push-Lucas push-Rafael push-Victor
push-Raquel 1x-pop push-Bianca push-Raquel 1x-pop push-Lorena push-Raquel 2x-pop push-Bruna push-Lorena push-Raquel 4x-pop push-Amanda push-Bianca push-Bruna push-Lorena push-Raquel
push-Bruno push-Nicolas 1x-pop push-Giovanni push-Nicolas 2x-pop push-Francisco push-Giovanni push-Nicolas 3x-pop push-Davi push-Francisco push-Giovanni push-Nicolas
push-Luana 1x-pop push-Isadora push-Luana 2x-pop push-Giovanna push-Isadora push-Luana 3x-pop push-Bianca push-Giovanna push-Isadora push-Luana push-Sara
push-Carla push-Laís 1x-pop push-Flavia push-Laís 3x-pop push-Ana push-Carla push-Flavia push-Laís push-Paula push-Renata
push-Gustavo push-João push-Paulo push-Rafael push-Thiago 4x-pop push-Gabriel push-João push-Paulo push-Rafael push-Thiago
push-Eduardo push-Felipe push-Rafael 1x-pop push-Lucas push-Rafael push-Victor 5x-pop push-Amanda push-Eduardo push-Felipe push-Lucas push-Rafael push-Victor 1x-pop push-Raquel push-Victor 3x-pop push-Lorena push-Rafael push-Raquel push-Victor 7x-pop push-Bianca push-Eduardo push-Felipe push-Lucas push-Lorena push-Rafael push-Raquel push-Victor 7x-pop push-Bruna push-Eduardo push-Felipe push-Lucas push-Lorena push-Rafael push-Raquel push-Victor 3x-pop push-Nicolas push-Rafael push-Raquel push-Victor 8x-pop push-Bruno push-Eduardo push-Felipe push-Lucas push-Lorena push-Nicolas push-Rafael push-Raquel push-Victor 8x-pop push-Davi push-Eduardo push-Felipe push-Lucas push-Lorena push-Nicolas push-Rafael push-Raquel push-Victor 6x-pop push-Giovanni push-Lucas push-Lorena push-Nicolas push-Rafael push-Raquel push-Victor 7x-pop push-Francisco push-Giovanni push-Lucas push-Lorena push-Nicolas push-Rafael push-Raquel push-Victor 11x-pop push-Bianca push-Davi push-Eduardo push-Felipe push-Francisco push-Giovanni push-Lucas push-Lorena push-Nicolas push-Rafael push-Raquel push-Victor 6x-pop push-Giovanna push-Lucas push-Lorena push-Nicolas push-Rafael push-Raquel push-Victor 1x-pop push-Sara push-Victor 7x-pop push-Isadora push-Lucas push-Lorena push-Nicolas push-Rafael push-Raquel push-Sara push-Victor 5x-pop push-Luana push-Nicolas push-Rafael push-Raquel push-Sara push-Victor
push-Renata 1x-pop push-Carla push-Renata 1x-pop push-Laís push-Renata 3x-pop push-Ana push-Carla push-Laís push-Renata 1x-pop push-Paula push-Renata 3x-pop push-Flavia push-Laís push-Paula push-Renata
push-Daniel push-Gustavo push-Vitor 2x-pop push-Felipe push-Gustavo push-Vitor 1x-pop push-Ricardo push-Vitor
push-Luisa 1x-pop push-Beatriz push-Luisa 1x-pop push-Fernanda push-Luisa push-Mariana 4x-pop push-Aline push-Beatriz push-Fernanda push-Luisa push-Mariana
push-Rafael 1x-pop push-Gustavo push-Rafael 2x-pop push-Felipe push-Gustavo push-Rafael 1x-pop push-Leonardo push-Rafael 1x-pop push-Matheus push-Rafael
push-Juliana 1x-pop push-Bianca push-Juliana push-Raquel 1x-pop push-Lorena push-Raquel 3x-pop push-Flavia push-Juliana push-Lorena push-Raquel
push-Eduarda push-Yasmin 1x-pop push-Juliana push-Yasmin 2x-pop push-Gabriela push-Juliana push-Yasmin 1x-pop push-Raquel push-Yasmin
push-Rafael push-Victor 2x-pop push-Eduardo push-Rafael push-Victor 2x-pop push-Lucas push-Rafael push-Victor 3x-pop push-Felipe push-Lucas push-Rafael push-Victor
push-Helena 1x-pop push-Bruna push-Helena push-Lorena 1x-pop push-Juliana push-Lorena 4x-pop push-Amanda push-Bruna push-Helena push-Juliana push-Lorena
push-Gabriel push-Thiago 1x-pop push-Gustavo push-Thiago 1x-pop push-Rafael push-Thiago 2x-pop push-João push-Rafael push-Thiago 2x-pop push-Paulo push-Rafael push-Thiago
push-Felipe 1x-pop push-Eduardo push-Felipe push-Lucas push-Pedro push-Rafael 5x-pop push-Amanda push-Eduardo push-Felipe push-Lucas push-Pedro push-Rafael push-Raquel 6x-pop push-Bianca push-Eduardo push-Felipe push-Lucas push-Pedro push-Rafael push-Raquel 3x-pop push-Lorena push-Pedro push-Rafael push-Raquel 7x-pop push-Bruna push-Eduardo push-Felipe push-Lucas push-Lorena push-Pedro push-Rafael push-Raquel
push-Giovanni push-Nicolas 2x-pop push-Bruno push-Giovanni push-Nicolas 2x-pop push-Francisco push-Giovanni push-Nicolas 3x-pop push-Davi push-Francisco push-Giovanni push-Nicolas
push-Isadora
push-Sara 1x-pop push-Luana push-Sara 2x-pop push-Bianca push-Luana push-Sara 2x-pop push-Giovanna push-Luana push-Sara
push-Renata 1x-pop push-Carla push-Renata 1x-pop push-Laís push-Renata 3x-pop push-Ana push-Carla push-Laís push-Renata 1x-pop push-Paula push-Renata 3x-pop push-Flavia push-Laís push-Paula push-Renata
push-Thiago 1x-pop push-Gustavo push-Thiago 1x-pop push-Gabriel push-Thiago 1x-pop push-Rafael push-Thiago 2x-pop push-João push-Rafael push-Thiago 2x-pop push-Paulo push-Rafael push-Thiago
push-Victor
push-Felipe 1x-pop push-Eduardo push-Felipe push-Lucas push-Rafael
push-Lorena push-Raquel 2x-pop push-Bruna push-Lorena push-Raquel 3x-pop push-Amanda push-Bruna push-Lorena push-Raquel 2x-pop push-Juliana push-Lorena push-Raquel
push-Daniel push-Felipe push-Ricardo 1x-pop push-Gustavo push-Ricardo push-Vitor
push-Beatriz push-Fernanda 2x-pop push-Aline push-Beatriz push-Fernanda push-Luisa push-Mariana
push-Matheus 1x-pop push-Leonardo push-Matheus push-Rafael 3x-pop push-Gustavo push-Leonardo push-Matheus push-Rafael 4x-pop push-Felipe push-Gustavo push-Leonardo push-Matheus push-Rafael
push-Raquel 1x-pop push-Lorena push-Raquel 2x-pop push-Flavia push-Lorena push-Raquel 3x-pop push-Bianca push-Flavia push-Lorena push-Raquel 2x-pop push-Juliana push-Lorena push-Raquel
push-Eduarda push-Gabriela push-Yasmin 1x-pop push-Juliana push-Yasmin 1x-pop push-Raquel push-Yasmin
push-Lucas push-Rafael
push-Felipe push-Victor 2x-pop push-Eduardo push-Felipe push-Victor
push-Amanda push-Bianca push-Raquel 1x-pop push-Bruna push-Raquel 1x-pop push-Lorena push-Raquel
push-Felipe 1x-pop push-Eduardo push-Felipe push-Lucas push-Pedro push-Rafael 5x-pop push-Amanda push-Eduardo push-Felipe push-Lucas push-Pedro push-Rafael push-Raquel 6x-pop push-Bianca push-Eduardo push-Felipe push-Lucas push-Pedro push-Rafael push-Raquel 3x-pop push-Lorena push-Pedro push-Rafael push-Raquel 7x-pop push-Bruna push-Eduardo push-Felipe push-Lucas push-Lorena push-Pedro push-Rafael push-Raquel 7x-pop push-Carolina push-Eduardo push-Felipe push-Lucas push-Lorena push-Pedro push-Rafael push-Raquel 5x-pop push-Gabriel push-Lucas push-Lorena push-Pedro push-Rafael push-Raquel 3x-pop push-Matheus push-Pedro push-Rafael push-Raquel push-Victor 7x-pop push-Isabella push-Lucas push-Lorena push-Matheus push-Pedro push-Rafael push-Raquel push-Victor 1x-pop push-Sophia push-Victor 13x-pop push-Beatriz push-Carolina push-Eduardo push-Felipe push-Gabriel push-Isabella push-Lucas push-Lorena push-Matheus push-Pedro push-Rafael push-Raquel push-Sophia push-Victor 6x-pop push-Lorenzo push-Matheus push-Pedro push-Rafael push-Raquel push-Sophia push-Victor 6x-pop push-Lucas push-Matheus push-Pedro push-Rafael push-Raquel push-Sophia push-Victor push-Valentina 12x-pop push-Gabriela push-Isabella push-Lucas push-Lorena push-Lorenzo push-Lucas push-Matheus push-Pedro push-Rafael push-Raquel push-Sophia push-Victor push-Valentina 11x-pop push-Isadora push-Lucas push-Lorena push-Lorenzo push-Lucas push-Matheus push-Pedro push-Rafael push-Raquel push-Sophia push-Victor push-Valentina 3x-pop push-Rafaela push-Sophia push-Victor push-Valentina 14x-pop push-Helena push-Isabella push-Isadora push-Lucas push-Lorena push-Lorenzo push-Lucas push-Matheus push-Pedro push-Rafael push-Raquel push-Rafaela push-Sophia push-Victor push-Valentina 8x-pop push-Lucas push-Matheus push-Pedro push-Rafael push-Raquel push-Rafaela push-Sophia push-Victor push-Valentina 18x-pop push-Felipe push-Gabriel push-Gabriela push-Helena push-Isabella push-Isadora push-Lucas push-Lorena push-Lorenzo push-Lucas push-Lucas push-Matheus push-Pedro push-Rafael push-Raquel push-Rafaela push-Sophia push-Victor push-Valentina 20x-pop push-Eduarda push-Felipe push-Felipe push-Gabriel push-Gabriela push-Helena push-Isabella push-Isadora push-Lucas push-Lorena push-Lorenzo push-Lucas push-Lucas push-Matheus push-Pedro push-Rafael push-Raquel push-Rafaela push-Sophia push-Victor push-Valentina 26x-pop push-Amanda push-Bianca push-Bruna push-Beatriz push-Carolina push-Eduardo push-Eduarda push-Felipe push-Felipe push-Gabriel push-Gabriela push-Helena push-Isabella push-Isadora push-Lucas push-Lorena push-Lorenzo push-Lucas push-Lucas push-Matheus push-Pedro push-Rafael push-Raquel push-Rafaela push-Sophia push-Victor push-Valentina 6x-pop push-Pedro push-Rafael push-Raquel push-Rafaela push-Sophia push-Victor push-Valentina 9x-pop push-Lucas push-Matheus push-Pedro push-Pedro push-Rafael push-Raquel push-Rafaela push-Sophia push-Victor push-Valentina 3x-pop push-Raquel push-Sophia push-Victor push-Valentina 26x-pop push-Bianca push-Carolina push-Eduardo push-Eduarda push-Felipe push-Felipe push-Gabriel push-Gabriela push-Helena push-Isabella push-Isadora push-Lucas push-Lorena push-Lorenzo push-Lucas push-Lucas push-Lucas push-Matheus push-Pedro push-Pedro push-Rafael push-Raquel push-Rafaela push-Raquel push-Sophia push-Victor push-Valentina 26x-pop push-Bruna push-Carolina push-Eduardo push-Eduarda push-Felipe push-Felipe push-Gabriel push-Gabriela push-Helena push-Isabella push-Isadora push-Lucas push-Lorena push-Lorenzo push-Lucas push-Lucas push-Lucas push-Matheus push-Pedro push-Pedro push-Rafael push-Raquel push-Rafaela push-Raquel push-Sophia push-Victor push-Valentina 23x-pop push-Eduardo push-Felipe push-Felipe push-Gabriel push-Gabriela push-Helena push-Isabella push-Isadora push-Lucas push-Lorena push-Lorenzo push-Lucas push-Lucas push-Lucas push-Matheus push-Pedro push-Pedro push-Rafael push-Raquel push-Rafaela push-Raquel push-Sophia push-Victor push-Valentina 3x-pop push-Rafa push-Sophia push-Victor push-Valentina 11x-pop push-Loi push-Matheus push-Pedro push-Pedro push-Rafael push-Raquel push-Rafaela push-Raquel push-Rafa push-Sophia push-Victor push-Valentina