[4(4.11->4.33->4.99)->6(6.15->6.88)->9(9.2->9.3)->10(10.1)]
[52(52.77->52.88->52.99)->53(53.77->53.88->53.99)->54(54.77->54.88->54.99)->55(55.77->55.88->55.99)]
[21(21.4->21.78)->34(34.5->34.7->34.89)->37(37.3->37.96)->64(64.56->64.67)]
[4(4.11->4.33->4.99)->6(6.15->6.88)->9(9.2->9.3)->10(10.1)]
[52(52.77->52.88->52.99)->53(53.77->53.88->53.99)->54(54.77->54.88->54.99)->55(55.77->55.88->55.99)]
[21(21.4->21.78)->34(34.5->34.7->34.89)->37(37.3->37.96)->64(64.56->64.67)]
[1(1.1)->2(2.2)->3(3.3)->4(4.4)]
[20(20.01)->30(30.02)->40(40.03)->50(50.04)]
[100(100.1)->200(200.2)->300(300.3)->400(400.4)]
[4(4.11->4.33->4.99)->6(6.15->6.88)->9(9.2->9.3)->10(10.1)]
[52(52.77->52.88->52.99)->53(53.77->53.88->53.99)->54(54.77->54.88->54.99)->55(55.77->55.88->55.99)]
[21(21.4->21.78)->34(34.5->34.7->34.89)->37(37.3->37.96)->64(64.56->64.67)]
[1(1.1)->2(2.2)->3(3.3)->4(4.4)]
[20(20.01)->30(30.02)->40(40.03)->50(50.04)]
[100(100.1)->200(200.2)->300(300.3)->400(400.4)]
[4(4.11->4.33->4.99)->6(6.15->6.88)->9(9.2->9.3)->10(10.1)]
[52(52.77->52.88->52.99)->53(53.77->53.88->53.99)->54(54.77->54.88->54.99)->55(55.77->55.88->55.99)]
[21(21.4->21.78)->34(34.5->34.7->34.89)->37(37.3->37.96)->64(64.56->64.67)]
[1(1.1)->2(2.2)->3(3.3)->4(4.4)]
[20(20.01)->30(30.02)->40(40.03)->50(50.04)]
[100(100.1)->200(200.2)->300(300.3)->400(400.4)]
[7(7.77)->8(8.88)->9(9.99)->10(10.01)]
[15(15.15)->25(25.25)->35(35.35)->45(45.45)]
[2(2.25)->3(3.3)->4(4.4)->5(5.5)->6(6.6)->7(7.7)->8(8.8)->9(9.9)->10(10.1)->11(11.11)->12(12.12)->13(13.13)->14(14.14)->15(15.15)->16(16.16)->17(17.17)->18(18.18)->19(19.19)->20(20.2)->21(21.21)->22(22.22)->23(23.23)->24(24.24)->25(25.25)->26(26.26)->27(27.27)->28(28.28)->29(29.29)->30()->31()->32()->33()->34()->35()->36()]