start -1 0 3 start 0 1 2 4 5
start -3 1 2 start -8 0 6 15
start 0 1 2 3 start -1 2 3 5
start -3 -2 -1 0 start -1 0 1 2 3 4 5 6 7 8 9
start -4 -3 -2 -1 0 1 2 3 start 9
start 1 start 2 start 3 start 4 start 5 start 6 start 7 start 8
start -10 -9 -8 -7 -6 -5 -4 -3 -2 -1 0 1 2 3 4 5 6 7 8 9 10 start 1 2 3 4 5 6 7 8 9 10
start -10 -9 -8 -7 -6 -5 -4 -3 -2 -1 start 1 2 3 4 5 6 7 8 9 10
start -10 start -9 start -8 start -7 start -6 start -5 start -4 start -3 start -2 start -1 start 0
start -10 -9 -8 -7 -6 -5 -4 -3 -2 -1 0 1 2 3 4 5 6 7 8 9 10 start 1 2 3 4 5 6 7 8 9 10
start -10 -9 -8 -7 -6 -5 -4 -3 -2 -1 start 1 2 3 4 5 6 7 8 9 10
start -10 start -9 start -8 start -7 start -6 start -5 start -4 start -3 start -2 start -1 start 0
start -10 -9 -8 -7 -6 -5 -4 -3 -2 -1 0 1 2 3 4 5 6 7 8 9 10 start 1 2 3 4 5 6 7 8 9 10
start -10 -9 -8 -7 -6 -5 -4 -3 -2 -1 start 1 2 3 4 5 6 7 8 9 10
start -10 start -9 start -8 start -7 start -6 start -5 start -4 start -3 start -2 start -1 start 0
start -8 1 3 4 start -5 0 7 12
start -6 -1 5 8 start -2 0 6 9
start -7 1 3 9 start -3 2 4 10
start -10 2 5 7 start -4 1 3 6
start -8 -3 4 7 start -5 -2 0 9
start -6 0 2 5 start -9 -1 3 8
start -5 -3 2 start -10 1 4 7
start 1 2 3 7
start 4 5 8 start 6 9 10
start 12 start 11 14 start 13 15
start 17 start 16 18 start 23 24 start 19 20 21 22
start 32 33 34 35 start 25 26 27 28 29 30 31
start 36 37 38 39 start 40 41 42 43 44
start 46 start 50 51 52 start 45 47 48 49
start 57 59 start 58 60 61 start 53 54 55 56
start 63 65 start 69 70 71 start 64 66 67 68
start 72 73 74 77 start 75 76 78 79 80
start 85 start 81 82 start 83 84 86 87 88
start 94 95 96 start 89 90 91 92 93
start 97 98 start 99 100 start 101 102 103 104
start 105 start 110 111 112 start 106 107 108 109
start 114 115 start 119 120 start 113 116 117 118
start 121 122 start 123 124 125 126 127
start 128 start 129 130 start 131 132 133 134
start 141 start 139 140 142 start 135 136 137 138
start 147 start 148 149 150 start 143 144 145 146
start 151 152 153 154 start 155 156 157 158
start 159 start 161 start 160 162 163 164 165
start 173 start 166 167 168 start 169 170 171 172
start 174 175 176 start 177 178 179 180 181
start 187 188 189 190 start 182 183 184 185 186
start 192 start 191 193 start 194 195 196 197
start 198 199 200 start 201 202 203 204
start 206 start 205 207 208 209 211
start 215 start 210 212 213 start 214 216 217 219
start 220 221 start 226 227 start 222 223 224 225
start 229 start 228 230 231
start -7 1 2 3
start -8 4 5 start -9 6 10
start -12 start -14 11 start 13 15
start -22 -21 -19 20 start -17 start -18 16 start 23 24
start -31 -30 -29 -27 -26 -25 28 start -34 32 33 35
start -37 -36 38 39 start -43 -42 40 41 44
start -52 -51 50 start -49 -45 47 48 start 46
start -56 -55 -53 54 start -60 -58 61 start 57 59
start -71 -70 -69 start -67 -66 -64 68 start -63 65
start -77 -74 -73 72 start -79 -76 -75 78 80
start -87 -86 -84 -83 88 start -85 start -82 81
start -95 -94 96 start -93 -89 90 91 92
start -98 97 start -100 99 start -102 -101 103 104
start -112 -110 111 start -105 start -108 -106 107 109
start -118 -117 -116 113 start -120 119 start -114 115
start -127 -124 -123 125 126 start 121 122
start -130 129 start -132 -131 133 134 start 128
start -142 -140 -139 start -141 start -136 -135 137 138
start -146 -145 -143 144 start -150 -149 148 start 147
start -154 -152 151 153 start -158 155 156 157
start -164 -163 -162 160 165 start -161 start -159
start -172 -171 -170 -169 start -168 -166 167 start 173
start -181 -180 -178 -177 179 start -175 174 176
start -186 -183 -182 184 185 start -189 -188 187 190
start -192 start -197 -195 194 196 start -191 193
start -204 -202 201 203 start -199 198 200
start -206 start -209 -205 207 208 211
start -212 -210 213 start -216 -214 217 219 start 215
start -224 -223 -222 225 start -221 220 start -227 226
start -229 start -230 -228 231
start -7 2 3 start -1 start -9 -8 4 5 6 10
start -22 -21 -19 20 start -17 start -12 start -14 11 start -18 16 start 13 15 start 23 24
start -27 -26 -25 start -31 -30 -29 28 start -34 32 33 35
start -52 -51 50 start -49 -45 47 48 start -37 -36 38 39 start -43 -42 40 41 44 start 46
start -56 -55 -53 54 start -60 -58 61 start 57 59
start -71 -70 -69 start -67 -66 -64 68 start -63 65
start -77 -74 -73 72 start -79 -76 -75 78 80
start -87 -86 -84 -83 88 start -85 start -82 81
start -95 -94 96 start -98 97 start -100 99 start -102 -101 103 104 start -93 -89 90 91 92
start -118 -117 -116 113 start -112 -110 111 start -105 start -120 119 start -114 115 start -108 -106 107 109
start -127 -124 -123 125 126 start -130 129 start -132 -131 133 134 start 128 start 121 122
start -142 -140 -139 start -146 -145 -143 144 start -150 -149 148 start -141 start -136 -135 137 138 start 147
start -164 -163 -162 160 165 start -161 start -159 start -154 -152 151 153 start -158 155 156 157
start -172 -171 -170 -169 start -181 -180 -178 -177 179 start -168 -166 167 start 173 start -175 174 176
start -192 start -186 -183 -182 184 185 start -197 -195 194 196 start -189 -188 187 190 start -191 193
start -212 -210 213 start -206 start -204 -202 201 203 start -199 198 200 start -209 -205 207 208 211
start 1 2 3 4 5 6 7 8 9 10 11 12 13 14 15 16 17 18 19 20 21 22 23 24 25 26 27 28 29 30 31 32 33 34 35 36 37 38 39 40 41 42 43 44 45 46 47 48 49 50 51 52 53 54 55 56 57 58 59 60 61 62 63 64 65 66 67 68 69 70 71 72 73 74 75 76 77 78 79 80 81 82 83 84 85 986